# JRE version: Java(TM) SE Runtime Environment (8.0_91-b14) (build 1.8.0_91-b14)
# Java VM: Java HotSpot(TM) 64-Bit Server VM (25.91-b14 mixed mode windows-amd64 compressed oops)
Heap:
 PSYoungGen      total 447488K, used 447486K [0x000000076b400000, 0x0000000799580000, 0x00000007c0000000)
  eden space 406528K, 100% used [0x000000076b400000,0x0000000784100000,0x0000000784100000)
  from space 40960K, 99% used [0x0000000784100000,0x00000007868ff948,0x0000000786900000)
  to   space 72192K, 11% used [0x0000000794f00000,0x00000007956f9040,0x0000000799580000)
 ParOldGen       total 181760K, used 115697K [0x00000006c1c00000, 0x00000006ccd80000, 0x000000076b400000)
  object space 181760K, 63% used [0x00000006c1c00000,0x00000006c8cfc528,0x00000006ccd80000)
 Metaspace       used 76050K, capacity 78262K, committed 78464K, reserved 1118208K
  class space    used 8672K, capacity 9073K, committed 9088K, reserved 1048576K
GC Heap History (10 events):
Event: 5.130 GC heap after
Heap after GC invocations=12 (full 2):
 PSYoungGen      total 314368K, used 0K [0x000000076b400000, 0x0000000781300000, 0x00000007c0000000)
  eden space 275456K, 0% used [0x000000076b400000,0x000000076b400000,0x000000077c100000)
  from space 38912K, 0% used [0x000000077ed00000,0x000000077ed00000,0x0000000781300000)
  to   space 41984K, 0% used [0x000000077c100000,0x000000077c100000,0x000000077ea00000)
 ParOldGen       total 154624K, used 26962K [0x00000006c1c00000, 0x00000006cb300000, 0x000000076b400000)
  object space 154624K, 17% used [0x00000006c1c00000,0x00000006c36549f8,0x00000006cb300000)
 Metaspace       used 34523K, capacity 35278K, committed 35416K, reserved 1081344K
  class space    used 4056K, capacity 4299K, committed 4352K, reserved 1048576K
}
Event: 68.281 GC heap before
{Heap before GC invocations=13 (full 2):
 PSYoungGen      total 314368K, used 233732K [0x000000076b400000, 0x0000000781300000, 0x00000007c0000000)
  eden space 275456K, 84% used [0x000000076b400000,0x0000000779841178,0x000000077c100000)
  from space 38912K, 0% used [0x000000077ed00000,0x000000077ed00000,0x0000000781300000)
  to   space 41984K, 0% used [0x000000077c100000,0x000000077c100000,0x000000077ea00000)
 ParOldGen       total 154624K, used 26962K [0x00000006c1c00000, 0x00000006cb300000, 0x000000076b400000)
  object space 154624K, 17% used [0x00000006c1c00000,0x00000006c36549f8,0x00000006cb300000)
 Metaspace       used 57715K, capacity 58804K, committed 59028K, reserved 1101824K
  class space    used 6548K, capacity 6821K, committed 6912K, reserved 1048576K
Event: 68.295 GC heap after
Heap after GC invocations=13 (full 2):
 PSYoungGen      total 317440K, used 27501K [0x000000076b400000, 0x0000000789280000, 0x00000007c0000000)
  eden space 275456K, 0% used [0x000000076b400000,0x000000076b400000,0x000000077c100000)
  from space 41984K, 65% used [0x000000077c100000,0x000000077dbdb748,0x000000077ea00000)
  to   space 42496K, 0% used [0x0000000786900000,0x0000000786900000,0x0000000789280000)
 ParOldGen       total 154624K, used 26970K [0x00000006c1c00000, 0x00000006cb300000, 0x000000076b400000)
  object space 154624K, 17% used [0x00000006c1c00000,0x00000006c36569f8,0x00000006cb300000)
 Metaspace       used 57715K, capacity 58804K, committed 59028K, reserved 1101824K
  class space    used 6548K, capacity 6821K, committed 6912K, reserved 1048576K
}
Event: 68.295 GC heap before
{Heap before GC invocations=14 (full 3):
 PSYoungGen      total 317440K, used 27501K [0x000000076b400000, 0x0000000789280000, 0x00000007c0000000)
  eden space 275456K, 0% used [0x000000076b400000,0x000000076b400000,0x000000077c100000)
  from space 41984K, 65% used [0x000000077c100000,0x000000077dbdb748,0x000000077ea00000)
  to   space 42496K, 0% used [0x0000000786900000,0x0000000786900000,0x0000000789280000)
 ParOldGen       total 154624K, used 26970K [0x00000006c1c00000, 0x00000006cb300000, 0x000000076b400000)
  object space 154624K, 17% used [0x00000006c1c00000,0x00000006c36569f8,0x00000006cb300000)
 Metaspace       used 57715K, capacity 58804K, committed 59028K, reserved 1101824K
  class space    used 6548K, capacity 6821K, committed 6912K, reserved 1048576K
Event: 68.376 GC heap after
Heap after GC invocations=14 (full 3):
 PSYoungGen      total 317440K, used 0K [0x000000076b400000, 0x0000000789280000, 0x00000007c0000000)
  eden space 275456K, 0% used [0x000000076b400000,0x000000076b400000,0x000000077c100000)
  from space 41984K, 0% used [0x000000077c100000,0x000000077c100000,0x000000077ea00000)
  to   space 42496K, 0% used [0x0000000786900000,0x0000000786900000,0x0000000789280000)
 ParOldGen       total 181760K, used 42193K [0x00000006c1c00000, 0x00000006ccd80000, 0x000000076b400000)
  object space 181760K, 23% used [0x00000006c1c00000,0x00000006c4534550,0x00000006ccd80000)
 Metaspace       used 57715K, capacity 58804K, committed 59028K, reserved 1101824K
  class space    used 6548K, capacity 6821K, committed 6912K, reserved 1048576K
}
Event: 6437.046 GC heap before
{Heap before GC invocations=15 (full 3):
 PSYoungGen      total 317440K, used 275456K [0x000000076b400000, 0x0000000789280000, 0x00000007c0000000)
  eden space 275456K, 100% used [0x000000076b400000,0x000000077c100000,0x000000077c100000)
  from space 41984K, 0% used [0x000000077c100000,0x000000077c100000,0x000000077ea00000)
  to   space 42496K, 0% used [0x0000000786900000,0x0000000786900000,0x0000000789280000)
 ParOldGen       total 181760K, used 42197K [0x00000006c1c00000, 0x00000006ccd80000, 0x000000076b400000)
  object space 181760K, 23% used [0x00000006c1c00000,0x00000006c4535668,0x00000006ccd80000)
 Metaspace       used 60623K, capacity 62524K, committed 62720K, reserved 1105920K
  class space    used 6724K, capacity 7074K, committed 7168K, reserved 1048576K
Event: 6437.065 GC heap after
Heap after GC invocations=15 (full 3):
 PSYoungGen      total 448000K, used 22043K [0x000000076b400000, 0x0000000789180000, 0x00000007c0000000)
  eden space 406528K, 0% used [0x000000076b400000,0x000000076b400000,0x0000000784100000)
  from space 41472K, 53% used [0x0000000786900000,0x0000000787e86ea8,0x0000000789180000)
  to   space 40960K, 0% used [0x0000000784100000,0x0000000784100000,0x0000000786900000)
 ParOldGen       total 181760K, used 42205K [0x00000006c1c00000, 0x00000006ccd80000, 0x000000076b400000)
  object space 181760K, 23% used [0x00000006c1c00000,0x00000006c4537668,0x00000006ccd80000)
 Metaspace       used 60623K, capacity 62524K, committed 62720K, reserved 1105920K
  class space    used 6724K, capacity 7074K, committed 7168K, reserved 1048576K
}
Event: 6438.113 GC heap before
{Heap before GC invocations=16 (full 3):
 PSYoungGen      total 448000K, used 428571K [0x000000076b400000, 0x0000000789180000, 0x00000007c0000000)
  eden space 406528K, 100% used [0x000000076b400000,0x0000000784100000,0x0000000784100000)
  from space 41472K, 53% used [0x0000000786900000,0x0000000787e86ea8,0x0000000789180000)
  to   space 40960K, 0% used [0x0000000784100000,0x0000000784100000,0x0000000786900000)
 ParOldGen       total 181760K, used 42219K [0x00000006c1c00000, 0x00000006ccd80000, 0x000000076b400000)
  object space 181760K, 23% used [0x00000006c1c00000,0x00000006c453ad18,0x00000006ccd80000)
 Metaspace       used 64255K, capacity 66188K, committed 66432K, reserved 1107968K
  class space    used 7188K, capacity 7545K, committed 7552K, reserved 1048576K
Event: 6438.205 GC heap after
Heap after GC invocations=16 (full 3):
 PSYoungGen      total 447488K, used 40958K [0x000000076b400000, 0x0000000799580000, 0x00000007c0000000)
  eden space 406528K, 0% used [0x000000076b400000,0x000000076b400000,0x0000000784100000)
  from space 40960K, 99% used [0x0000000784100000,0x00000007868ff948,0x0000000786900000)
  to   space 72192K, 0% used [0x0000000794f00000,0x0000000794f00000,0x0000000799580000)
 ParOldGen       total 181760K, used 111669K [0x00000006c1c00000, 0x00000006ccd80000, 0x000000076b400000)
  object space 181760K, 61% used [0x00000006c1c00000,0x00000006c890d460,0x00000006ccd80000)
 Metaspace       used 64255K, capacity 66188K, committed 66432K, reserved 1107968K
  class space    used 7188K, capacity 7545K, committed 7552K, reserved 1048576K
}
Event: 6444.871 GC heap before
{Heap before GC invocations=17 (full 3):
 PSYoungGen      total 447488K, used 447486K [0x000000076b400000, 0x0000000799580000, 0x00000007c0000000)
  eden space 406528K, 100% used [0x000000076b400000,0x0000000784100000,0x0000000784100000)
  from space 40960K, 99% used [0x0000000784100000,0x00000007868ff948,0x0000000786900000)
  to   space 72192K, 0% used [0x0000000794f00000,0x0000000794f00000,0x0000000799580000)
 ParOldGen       total 181760K, used 111671K [0x00000006c1c00000, 0x00000006ccd80000, 0x000000076b400000)
  object space 181760K, 61% used [0x00000006c1c00000,0x00000006c890dfa8,0x00000006ccd80000)
 Metaspace       used 76050K, capacity 78262K, committed 78464K, reserved 1118208K
  class space    used 8672K, capacity 9073K, committed 9088K, reserved 1048576K

