# JRE version: Java(TM) SE Runtime Environment (8.0_91-b14) (build 1.8.0_91-b14)
# Java VM: Java HotSpot(TM) 64-Bit Server VM (25.91-b14 mixed mode windows-amd64 compressed oops)
Heap:
 PSYoungGen      total 438272K, used 95721K [0x000000076b400000, 0x0000000790b80000, 0x00000007c0000000)
  eden space 369152K, 25% used [0x000000076b400000,0x000000077117a7b8,0x0000000781c80000)
  from space 69120K, 0% used [0x0000000781c80000,0x0000000781c80000,0x0000000786000000)
  to   space 68608K, 0% used [0x000000078c880000,0x000000078c880000,0x0000000790b80000)
 ParOldGen       total 252928K, used 89667K [0x00000006c1c00000, 0x00000006d1300000, 0x000000076b400000)
  object space 252928K, 35% used [0x00000006c1c00000,0x00000006c7390eb0,0x00000006d1300000)
 Metaspace       used 44447K, capacity 45520K, committed 45696K, reserved 1089536K
  class space    used 5246K, capacity 5480K, committed 5504K, reserved 1048576K
GC Heap History (10 events):
Event: 6.378 GC heap before
{Heap before GC invocations=16 (full 2):
 PSYoungGen      total 222720K, used 1247K [0x000000076b400000, 0x0000000782980000, 0x00000007c0000000)
  eden space 169472K, 0% used [0x000000076b400000,0x000000076b537c58,0x0000000775980000)
  from space 53248K, 0% used [0x0000000775980000,0x0000000775980000,0x0000000778d80000)
  to   space 60928K, 0% used [0x000000077ee00000,0x000000077ee00000,0x0000000782980000)
 ParOldGen       total 245760K, used 105443K [0x00000006c1c00000, 0x00000006d0c00000, 0x000000076b400000)
  object space 245760K, 42% used [0x00000006c1c00000,0x00000006c82f8f88,0x00000006d0c00000)
 Metaspace       used 24340K, capacity 24950K, committed 25344K, reserved 1071104K
  class space    used 2762K, capacity 2950K, committed 3072K, reserved 1048576K
Event: 6.379 GC heap after
Heap after GC invocations=16 (full 2):
 PSYoungGen      total 306176K, used 128K [0x000000076b400000, 0x0000000782300000, 0x00000007c0000000)
  eden space 251904K, 0% used [0x000000076b400000,0x000000076b400000,0x000000077aa00000)
  from space 54272K, 0% used [0x000000077ee00000,0x000000077ee20000,0x0000000782300000)
  to   space 61952K, 0% used [0x000000077aa00000,0x000000077aa00000,0x000000077e680000)
 ParOldGen       total 245760K, used 105443K [0x00000006c1c00000, 0x00000006d0c00000, 0x000000076b400000)
  object space 245760K, 42% used [0x00000006c1c00000,0x00000006c82f8f88,0x00000006d0c00000)
 Metaspace       used 24340K, capacity 24950K, committed 25344K, reserved 1071104K
  class space    used 2762K, capacity 2950K, committed 3072K, reserved 1048576K
}
Event: 6.566 GC heap before
{Heap before GC invocations=17 (full 2):
 PSYoungGen      total 306176K, used 252032K [0x000000076b400000, 0x0000000782300000, 0x00000007c0000000)
  eden space 251904K, 100% used [0x000000076b400000,0x000000077aa00000,0x000000077aa00000)
  from space 54272K, 0% used [0x000000077ee00000,0x000000077ee20000,0x0000000782300000)
  to   space 61952K, 0% used [0x000000077aa00000,0x000000077aa00000,0x000000077e680000)
 ParOldGen       total 245760K, used 105443K [0x00000006c1c00000, 0x00000006d0c00000, 0x000000076b400000)
  object space 245760K, 42% used [0x00000006c1c00000,0x00000006c82f8f88,0x00000006d0c00000)
 Metaspace       used 24348K, capacity 25014K, committed 25600K, reserved 1071104K
  class space    used 2762K, capacity 2950K, committed 3072K, reserved 1048576K
Event: 6.603 GC heap after
Heap after GC invocations=17 (full 2):
 PSYoungGen      total 313856K, used 61924K [0x000000076b400000, 0x000000078b100000, 0x00000007c0000000)
  eden space 251904K, 0% used [0x000000076b400000,0x000000076b400000,0x000000077aa00000)
  from space 61952K, 99% used [0x000000077aa00000,0x000000077e679158,0x000000077e680000)
  to   space 72704K, 0% used [0x0000000786a00000,0x0000000786a00000,0x000000078b100000)
 ParOldGen       total 245760K, used 106610K [0x00000006c1c00000, 0x00000006d0c00000, 0x000000076b400000)
  object space 245760K, 43% used [0x00000006c1c00000,0x00000006c841cb68,0x00000006d0c00000)
 Metaspace       used 24348K, capacity 25014K, committed 25600K, reserved 1071104K
  class space    used 2762K, capacity 2950K, committed 3072K, reserved 1048576K
}
Event: 8.246 GC heap before
{Heap before GC invocations=18 (full 2):
 PSYoungGen      total 313856K, used 313828K [0x000000076b400000, 0x000000078b100000, 0x00000007c0000000)
  eden space 251904K, 100% used [0x000000076b400000,0x000000077aa00000,0x000000077aa00000)
  from space 61952K, 99% used [0x000000077aa00000,0x000000077e679158,0x000000077e680000)
  to   space 72704K, 0% used [0x0000000786a00000,0x0000000786a00000,0x000000078b100000)
 ParOldGen       total 245760K, used 106610K [0x00000006c1c00000, 0x00000006d0c00000, 0x000000076b400000)
  object space 245760K, 43% used [0x00000006c1c00000,0x00000006c841cb68,0x00000006d0c00000)
 Metaspace       used 36415K, capacity 37432K, committed 37504K, reserved 1083392K
  class space    used 4235K, capacity 4478K, committed 4480K, reserved 1048576K
Event: 8.266 GC heap after
Heap after GC invocations=18 (full 2):
 PSYoungGen      total 428032K, used 23280K [0x000000076b400000, 0x000000078a380000, 0x00000007c0000000)
  eden space 369152K, 0% used [0x000000076b400000,0x000000076b400000,0x0000000781c80000)
  from space 58880K, 39% used [0x0000000786a00000,0x00000007880bc268,0x000000078a380000)
  to   space 69120K, 0% used [0x0000000781c80000,0x0000000781c80000,0x0000000786000000)
 ParOldGen       total 245760K, used 123959K [0x00000006c1c00000, 0x00000006d0c00000, 0x000000076b400000)
  object space 245760K, 50% used [0x00000006c1c00000,0x00000006c950dce8,0x00000006d0c00000)
 Metaspace       used 36415K, capacity 37432K, committed 37504K, reserved 1083392K
  class space    used 4235K, capacity 4478K, committed 4480K, reserved 1048576K
}
Event: 8.739 GC heap before
{Heap before GC invocations=19 (full 2):
 PSYoungGen      total 428032K, used 93482K [0x000000076b400000, 0x000000078a380000, 0x00000007c0000000)
  eden space 369152K, 19% used [0x000000076b400000,0x000000076f88e8d8,0x0000000781c80000)
  from space 58880K, 39% used [0x0000000786a00000,0x00000007880bc268,0x000000078a380000)
  to   space 69120K, 0% used [0x0000000781c80000,0x0000000781c80000,0x0000000786000000)
 ParOldGen       total 245760K, used 123959K [0x00000006c1c00000, 0x00000006d0c00000, 0x000000076b400000)
  object space 245760K, 50% used [0x00000006c1c00000,0x00000006c950dce8,0x00000006d0c00000)
 Metaspace       used 41043K, capacity 42076K, committed 42240K, reserved 1087488K
  class space    used 4797K, capacity 5060K, committed 5120K, reserved 1048576K
Event: 8.745 GC heap after
Heap after GC invocations=19 (full 2):
 PSYoungGen      total 438272K, used 5169K [0x000000076b400000, 0x0000000790b80000, 0x00000007c0000000)
  eden space 369152K, 0% used [0x000000076b400000,0x000000076b400000,0x0000000781c80000)
  from space 69120K, 7% used [0x0000000781c80000,0x000000078218c5b8,0x0000000786000000)
  to   space 68608K, 0% used [0x000000078c880000,0x000000078c880000,0x0000000790b80000)
 ParOldGen       total 245760K, used 129774K [0x00000006c1c00000, 0x00000006d0c00000, 0x000000076b400000)
  object space 245760K, 52% used [0x00000006c1c00000,0x00000006c9abbbd0,0x00000006d0c00000)
 Metaspace       used 41043K, capacity 42076K, committed 42240K, reserved 1087488K
  class space    used 4797K, capacity 5060K, committed 5120K, reserved 1048576K
}
Event: 8.745 GC heap before
{Heap before GC invocations=20 (full 3):
 PSYoungGen      total 438272K, used 5169K [0x000000076b400000, 0x0000000790b80000, 0x00000007c0000000)
  eden space 369152K, 0% used [0x000000076b400000,0x000000076b400000,0x0000000781c80000)
  from space 69120K, 7% used [0x0000000781c80000,0x000000078218c5b8,0x0000000786000000)
  to   space 68608K, 0% used [0x000000078c880000,0x000000078c880000,0x0000000790b80000)
 ParOldGen       total 245760K, used 129774K [0x00000006c1c00000, 0x00000006d0c00000, 0x000000076b400000)
  object space 245760K, 52% used [0x00000006c1c00000,0x00000006c9abbbd0,0x00000006d0c00000)
 Metaspace       used 41043K, capacity 42076K, committed 42240K, reserved 1087488K
  class space    used 4797K, capacity 5060K, committed 5120K, reserved 1048576K
Event: 8.902 GC heap after
Heap after GC invocations=20 (full 3):
 PSYoungGen      total 438272K, used 0K [0x000000076b400000, 0x0000000790b80000, 0x00000007c0000000)
  eden space 369152K, 0% used [0x000000076b400000,0x000000076b400000,0x0000000781c80000)
  from space 69120K, 0% used [0x0000000781c80000,0x0000000781c80000,0x0000000786000000)
  to   space 68608K, 0% used [0x000000078c880000,0x000000078c880000,0x0000000790b80000)
 ParOldGen       total 252928K, used 89667K [0x00000006c1c00000, 0x00000006d1300000, 0x000000076b400000)
  object space 252928K, 35% used [0x00000006c1c00000,0x00000006c7390eb0,0x00000006d1300000)
 Metaspace       used 41043K, capacity 42076K, committed 42240K, reserved 1087488K
  class space    used 4797K, capacity 5060K, committed 5120K, reserved 1048576K
}

