# JRE version: Java(TM) SE Runtime Environment (8.0_91-b14) (build 1.8.0_91-b14)
# Java VM: Java HotSpot(TM) 64-Bit Server VM (25.91-b14 mixed mode windows-amd64 compressed oops)
Heap:
 PSYoungGen      total 303104K, used 208469K [0x000000076b400000, 0x0000000780780000, 0x00000007c0000000)
  eden space 264704K, 78% used [0x000000076b400000,0x0000000777f955f8,0x000000077b680000)
  from space 38400K, 0% used [0x000000077e200000,0x000000077e200000,0x0000000780780000)
  to   space 41472K, 0% used [0x000000077b680000,0x000000077b680000,0x000000077df00000)
 ParOldGen       total 157696K, used 27269K [0x00000006c1c00000, 0x00000006cb600000, 0x000000076b400000)
  object space 157696K, 17% used [0x00000006c1c00000,0x00000006c36a15f0,0x00000006cb600000)
 Metaspace       used 56329K, capacity 57484K, committed 57600K, reserved 1099776K
  class space    used 6524K, capacity 6833K, committed 6912K, reserved 1048576K
GC Heap History (10 events):
Event: 3.278 GC heap before
{Heap before GC invocations=8 (full 1):
 PSYoungGen      total 114688K, used 114665K [0x000000076b400000, 0x0000000774f80000, 0x00000007c0000000)
  eden space 97792K, 100% used [0x000000076b400000,0x0000000771380000,0x0000000771380000)
  from space 16896K, 99% used [0x0000000772800000,0x000000077387a460,0x0000000773880000)
  to   space 20992K, 0% used [0x0000000771380000,0x0000000771380000,0x0000000772800000)
 ParOldGen       total 119296K, used 22837K [0x00000006c1c00000, 0x00000006c9080000, 0x000000076b400000)
  object space 119296K, 19% used [0x00000006c1c00000,0x00000006c324d640,0x00000006c9080000)
 Metaspace       used 21782K, capacity 22270K, committed 22400K, reserved 1069056K
  class space    used 2493K, capacity 2652K, committed 2688K, reserved 1048576K
Event: 3.308 GC heap after
Heap after GC invocations=8 (full 1):
 PSYoungGen      total 118784K, used 20965K [0x000000076b400000, 0x0000000779d00000, 0x00000007c0000000)
  eden space 97792K, 0% used [0x000000076b400000,0x000000076b400000,0x0000000771380000)
  from space 20992K, 99% used [0x0000000771380000,0x00000007727f95a0,0x0000000772800000)
  to   space 28672K, 0% used [0x0000000778100000,0x0000000778100000,0x0000000779d00000)
 ParOldGen       total 119296K, used 32989K [0x00000006c1c00000, 0x00000006c9080000, 0x000000076b400000)
  object space 119296K, 27% used [0x00000006c1c00000,0x00000006c3c377d0,0x00000006c9080000)
 Metaspace       used 21782K, capacity 22270K, committed 22400K, reserved 1069056K
  class space    used 2493K, capacity 2652K, committed 2688K, reserved 1048576K
}
Event: 3.463 GC heap before
{Heap before GC invocations=9 (full 1):
 PSYoungGen      total 118784K, used 118757K [0x000000076b400000, 0x0000000779d00000, 0x00000007c0000000)
  eden space 97792K, 100% used [0x000000076b400000,0x0000000771380000,0x0000000771380000)
  from space 20992K, 99% used [0x0000000771380000,0x00000007727f95a0,0x0000000772800000)
  to   space 28672K, 0% used [0x0000000778100000,0x0000000778100000,0x0000000779d00000)
 ParOldGen       total 119296K, used 32993K [0x00000006c1c00000, 0x00000006c9080000, 0x000000076b400000)
  object space 119296K, 27% used [0x00000006c1c00000,0x00000006c3c38660,0x00000006c9080000)
 Metaspace       used 21783K, capacity 22270K, committed 22400K, reserved 1069056K
  class space    used 2493K, capacity 2652K, committed 2688K, reserved 1048576K
Event: 3.494 GC heap after
Heap after GC invocations=9 (full 1):
 PSYoungGen      total 204800K, used 28655K [0x000000076b400000, 0x000000077aa00000, 0x00000007c0000000)
  eden space 176128K, 0% used [0x000000076b400000,0x000000076b400000,0x0000000776000000)
  from space 28672K, 99% used [0x0000000778100000,0x0000000779cfbef0,0x0000000779d00000)
  to   space 33792K, 0% used [0x0000000776000000,0x0000000776000000,0x0000000778100000)
 ParOldGen       total 119296K, used 35759K [0x00000006c1c00000, 0x00000006c9080000, 0x000000076b400000)
  object space 119296K, 29% used [0x00000006c1c00000,0x00000006c3eebc98,0x00000006c9080000)
 Metaspace       used 21783K, capacity 22270K, committed 22400K, reserved 1069056K
  class space    used 2493K, capacity 2652K, committed 2688K, reserved 1048576K
}
Event: 4.507 GC heap before
{Heap before GC invocations=10 (full 1):
 PSYoungGen      total 204800K, used 204783K [0x000000076b400000, 0x000000077aa00000, 0x00000007c0000000)
  eden space 176128K, 100% used [0x000000076b400000,0x0000000776000000,0x0000000776000000)
  from space 28672K, 99% used [0x0000000778100000,0x0000000779cfbef0,0x0000000779d00000)
  to   space 33792K, 0% used [0x0000000776000000,0x0000000776000000,0x0000000778100000)
 ParOldGen       total 119296K, used 35763K [0x00000006c1c00000, 0x00000006c9080000, 0x000000076b400000)
  object space 119296K, 29% used [0x00000006c1c00000,0x00000006c3eecee0,0x00000006c9080000)
 Metaspace       used 29614K, capacity 30288K, committed 30592K, reserved 1077248K
  class space    used 3462K, capacity 3662K, committed 3712K, reserved 1048576K
Event: 4.543 GC heap after
Heap after GC invocations=10 (full 1):
 PSYoungGen      total 209920K, used 33787K [0x000000076b400000, 0x0000000780a80000, 0x00000007c0000000)
  eden space 176128K, 0% used [0x000000076b400000,0x000000076b400000,0x0000000776000000)
  from space 33792K, 99% used [0x0000000776000000,0x00000007780fee98,0x0000000778100000)
  to   space 41472K, 0% used [0x000000077e200000,0x000000077e200000,0x0000000780a80000)
 ParOldGen       total 119296K, used 43559K [0x00000006c1c00000, 0x00000006c9080000, 0x000000076b400000)
  object space 119296K, 36% used [0x00000006c1c00000,0x00000006c4689e10,0x00000006c9080000)
 Metaspace       used 29614K, capacity 30288K, committed 30592K, reserved 1077248K
  class space    used 3462K, capacity 3662K, committed 3712K, reserved 1048576K
}
Event: 4.922 GC heap before
{Heap before GC invocations=11 (full 1):
 PSYoungGen      total 209920K, used 81495K [0x000000076b400000, 0x0000000780a80000, 0x00000007c0000000)
  eden space 176128K, 27% used [0x000000076b400000,0x000000076e296ed0,0x0000000776000000)
  from space 33792K, 99% used [0x0000000776000000,0x00000007780fee98,0x0000000778100000)
  to   space 41472K, 0% used [0x000000077e200000,0x000000077e200000,0x0000000780a80000)
 ParOldGen       total 119296K, used 43559K [0x00000006c1c00000, 0x00000006c9080000, 0x000000076b400000)
  object space 119296K, 36% used [0x00000006c1c00000,0x00000006c4689e10,0x00000006c9080000)
 Metaspace       used 34533K, capacity 35272K, committed 35416K, reserved 1081344K
  class space    used 4062K, capacity 4300K, committed 4352K, reserved 1048576K
Event: 4.929 GC heap after
Heap after GC invocations=11 (full 1):
 PSYoungGen      total 303104K, used 9540K [0x000000076b400000, 0x0000000780780000, 0x00000007c0000000)
  eden space 264704K, 0% used [0x000000076b400000,0x000000076b400000,0x000000077b680000)
  from space 38400K, 24% used [0x000000077e200000,0x000000077eb511c8,0x0000000780780000)
  to   space 41472K, 0% used [0x000000077b680000,0x000000077b680000,0x000000077df00000)
 ParOldGen       total 119296K, used 45923K [0x00000006c1c00000, 0x00000006c9080000, 0x000000076b400000)
  object space 119296K, 38% used [0x00000006c1c00000,0x00000006c48d8f00,0x00000006c9080000)
 Metaspace       used 34533K, capacity 35272K, committed 35416K, reserved 1081344K
  class space    used 4062K, capacity 4300K, committed 4352K, reserved 1048576K
}
Event: 4.929 GC heap before
{Heap before GC invocations=12 (full 2):
 PSYoungGen      total 303104K, used 9540K [0x000000076b400000, 0x0000000780780000, 0x00000007c0000000)
  eden space 264704K, 0% used [0x000000076b400000,0x000000076b400000,0x000000077b680000)
  from space 38400K, 24% used [0x000000077e200000,0x000000077eb511c8,0x0000000780780000)
  to   space 41472K, 0% used [0x000000077b680000,0x000000077b680000,0x000000077df00000)
 ParOldGen       total 119296K, used 45923K [0x00000006c1c00000, 0x00000006c9080000, 0x000000076b400000)
  object space 119296K, 38% used [0x00000006c1c00000,0x00000006c48d8f00,0x00000006c9080000)
 Metaspace       used 34533K, capacity 35272K, committed 35416K, reserved 1081344K
  class space    used 4062K, capacity 4300K, committed 4352K, reserved 1048576K
Event: 4.963 GC heap after
Heap after GC invocations=12 (full 2):
 PSYoungGen      total 303104K, used 0K [0x000000076b400000, 0x0000000780780000, 0x00000007c0000000)
  eden space 264704K, 0% used [0x000000076b400000,0x000000076b400000,0x000000077b680000)
  from space 38400K, 0% used [0x000000077e200000,0x000000077e200000,0x0000000780780000)
  to   space 41472K, 0% used [0x000000077b680000,0x000000077b680000,0x000000077df00000)
 ParOldGen       total 157696K, used 27269K [0x00000006c1c00000, 0x00000006cb600000, 0x000000076b400000)
  object space 157696K, 17% used [0x00000006c1c00000,0x00000006c36a15f0,0x00000006cb600000)
 Metaspace       used 34533K, capacity 35272K, committed 35416K, reserved 1081344K
  class space    used 4062K, capacity 4300K, committed 4352K, reserved 1048576K
}

