# JRE version: Java(TM) SE Runtime Environment (8.0_91-b14) (build 1.8.0_91-b14)
# Java VM: Java HotSpot(TM) 64-Bit Server VM (25.91-b14 mixed mode windows-amd64 compressed oops)
Heap:
 PSYoungGen      total 539136K, used 444928K [0x000000076b400000, 0x000000079b000000, 0x00000007c0000000)
  eden space 444928K, 100% used [0x000000076b400000,0x0000000786680000,0x0000000786680000)
  from space 94208K, 0% used [0x0000000786680000,0x0000000786680000,0x000000078c280000)
  to   space 98304K, 70% used [0x0000000795000000,0x000000079936b990,0x000000079b000000)
 ParOldGen       total 278528K, used 96560K [0x00000006c1c00000, 0x00000006d2c00000, 0x000000076b400000)
  object space 278528K, 34% used [0x00000006c1c00000,0x00000006c7a4c3c0,0x00000006d2c00000)
 Metaspace       used 88738K, capacity 90690K, committed 91008K, reserved 1128448K
  class space    used 10667K, capacity 11090K, committed 11136K, reserved 1048576K
GC Heap History (10 events):
Event: 27.470 GC heap after
Heap after GC invocations=15 (full 3):
 PSYoungGen      total 395264K, used 53746K [0x000000076b400000, 0x0000000789000000, 0x00000007c0000000)
  eden space 341504K, 0% used [0x000000076b400000,0x000000076b400000,0x0000000780180000)
  from space 53760K, 99% used [0x0000000785b80000,0x0000000788ffc898,0x0000000789000000)
  to   space 64000K, 0% used [0x0000000781300000,0x0000000781300000,0x0000000785180000)
 ParOldGen       total 186368K, used 42303K [0x00000006c1c00000, 0x00000006cd200000, 0x000000076b400000)
  object space 186368K, 22% used [0x00000006c1c00000,0x00000006c454fe60,0x00000006cd200000)
 Metaspace       used 58036K, capacity 59220K, committed 59392K, reserved 1101824K
  class space    used 6773K, capacity 7096K, committed 7168K, reserved 1048576K
}
Event: 28.565 GC heap before
{Heap before GC invocations=16 (full 3):
 PSYoungGen      total 395264K, used 395250K [0x000000076b400000, 0x0000000789000000, 0x00000007c0000000)
  eden space 341504K, 100% used [0x000000076b400000,0x0000000780180000,0x0000000780180000)
  from space 53760K, 99% used [0x0000000785b80000,0x0000000788ffc898,0x0000000789000000)
  to   space 64000K, 0% used [0x0000000781300000,0x0000000781300000,0x0000000785180000)
 ParOldGen       total 186368K, used 42309K [0x00000006c1c00000, 0x00000006cd200000, 0x000000076b400000)
  object space 186368K, 22% used [0x00000006c1c00000,0x00000006c4551560,0x00000006cd200000)
 Metaspace       used 62901K, capacity 64312K, committed 64640K, reserved 1105920K
  class space    used 7371K, capacity 7721K, committed 7808K, reserved 1048576K
Event: 28.637 GC heap after
Heap after GC invocations=16 (full 3):
 PSYoungGen      total 423424K, used 63998K [0x000000076b400000, 0x0000000791400000, 0x00000007c0000000)
  eden space 359424K, 0% used [0x000000076b400000,0x000000076b400000,0x0000000781300000)
  from space 64000K, 99% used [0x0000000781300000,0x000000078517fa10,0x0000000785180000)
  to   space 83456K, 0% used [0x000000078c280000,0x000000078c280000,0x0000000791400000)
 ParOldGen       total 186368K, used 67054K [0x00000006c1c00000, 0x00000006cd200000, 0x000000076b400000)
  object space 186368K, 35% used [0x00000006c1c00000,0x00000006c5d7b998,0x00000006cd200000)
 Metaspace       used 62901K, capacity 64312K, committed 64640K, reserved 1105920K
  class space    used 7371K, capacity 7721K, committed 7808K, reserved 1048576K
}
Event: 48.351 GC heap before
{Heap before GC invocations=17 (full 3):
 PSYoungGen      total 423424K, used 423422K [0x000000076b400000, 0x0000000791400000, 0x00000007c0000000)
  eden space 359424K, 100% used [0x000000076b400000,0x0000000781300000,0x0000000781300000)
  from space 64000K, 99% used [0x0000000781300000,0x000000078517fa10,0x0000000785180000)
  to   space 83456K, 0% used [0x000000078c280000,0x000000078c280000,0x0000000791400000)
 ParOldGen       total 186368K, used 67056K [0x00000006c1c00000, 0x00000006cd200000, 0x000000076b400000)
  object space 186368K, 35% used [0x00000006c1c00000,0x00000006c5d7c220,0x00000006cd200000)
 Metaspace       used 73454K, capacity 75012K, committed 75264K, reserved 1116160K
  class space    used 8719K, capacity 9092K, committed 9216K, reserved 1048576K
Event: 48.410 GC heap after
Heap after GC invocations=17 (full 3):
 PSYoungGen      total 528384K, used 74354K [0x000000076b400000, 0x0000000793280000, 0x00000007c0000000)
  eden space 444928K, 0% used [0x000000076b400000,0x000000076b400000,0x0000000786680000)
  from space 83456K, 89% used [0x000000078c280000,0x0000000790b1ca80,0x0000000791400000)
  to   space 94208K, 0% used [0x0000000786680000,0x0000000786680000,0x000000078c280000)
 ParOldGen       total 186368K, used 70740K [0x00000006c1c00000, 0x00000006cd200000, 0x000000076b400000)
  object space 186368K, 37% used [0x00000006c1c00000,0x00000006c6115270,0x00000006cd200000)
 Metaspace       used 73454K, capacity 75012K, committed 75264K, reserved 1116160K
  class space    used 8719K, capacity 9092K, committed 9216K, reserved 1048576K
}
Event: 49.190 GC heap before
{Heap before GC invocations=18 (full 3):
 PSYoungGen      total 528384K, used 332344K [0x000000076b400000, 0x0000000793280000, 0x00000007c0000000)
  eden space 444928K, 57% used [0x000000076b400000,0x000000077aff1610,0x0000000786680000)
  from space 83456K, 89% used [0x000000078c280000,0x0000000790b1ca80,0x0000000791400000)
  to   space 94208K, 0% used [0x0000000786680000,0x0000000786680000,0x000000078c280000)
 ParOldGen       total 186368K, used 70740K [0x00000006c1c00000, 0x00000006cd200000, 0x000000076b400000)
  object space 186368K, 37% used [0x00000006c1c00000,0x00000006c6115270,0x00000006cd200000)
 Metaspace       used 76723K, capacity 78326K, committed 78464K, reserved 1118208K
  class space    used 9142K, capacity 9530K, committed 9600K, reserved 1048576K
Event: 49.240 GC heap after
Heap after GC invocations=18 (full 3):
 PSYoungGen      total 539136K, used 64071K [0x000000076b400000, 0x000000079b000000, 0x00000007c0000000)
  eden space 444928K, 0% used [0x000000076b400000,0x000000076b400000,0x0000000786680000)
  from space 94208K, 68% used [0x0000000786680000,0x000000078a511d88,0x000000078c280000)
  to   space 98304K, 0% used [0x0000000795000000,0x0000000795000000,0x000000079b000000)
 ParOldGen       total 186368K, used 75894K [0x00000006c1c00000, 0x00000006cd200000, 0x000000076b400000)
  object space 186368K, 40% used [0x00000006c1c00000,0x00000006c661d968,0x00000006cd200000)
 Metaspace       used 76723K, capacity 78326K, committed 78464K, reserved 1118208K
  class space    used 9142K, capacity 9530K, committed 9600K, reserved 1048576K
}
Event: 49.240 GC heap before
{Heap before GC invocations=19 (full 4):
 PSYoungGen      total 539136K, used 64071K [0x000000076b400000, 0x000000079b000000, 0x00000007c0000000)
  eden space 444928K, 0% used [0x000000076b400000,0x000000076b400000,0x0000000786680000)
  from space 94208K, 68% used [0x0000000786680000,0x000000078a511d88,0x000000078c280000)
  to   space 98304K, 0% used [0x0000000795000000,0x0000000795000000,0x000000079b000000)
 ParOldGen       total 186368K, used 75894K [0x00000006c1c00000, 0x00000006cd200000, 0x000000076b400000)
  object space 186368K, 40% used [0x00000006c1c00000,0x00000006c661d968,0x00000006cd200000)
 Metaspace       used 76723K, capacity 78326K, committed 78464K, reserved 1118208K
  class space    used 9142K, capacity 9530K, committed 9600K, reserved 1048576K
Event: 49.322 GC heap after
Heap after GC invocations=19 (full 4):
 PSYoungGen      total 539136K, used 0K [0x000000076b400000, 0x000000079b000000, 0x00000007c0000000)
  eden space 444928K, 0% used [0x000000076b400000,0x000000076b400000,0x0000000786680000)
  from space 94208K, 0% used [0x0000000786680000,0x0000000786680000,0x000000078c280000)
  to   space 98304K, 0% used [0x0000000795000000,0x0000000795000000,0x000000079b000000)
 ParOldGen       total 278528K, used 96542K [0x00000006c1c00000, 0x00000006d2c00000, 0x000000076b400000)
  object space 278528K, 34% used [0x00000006c1c00000,0x00000006c7a47ad8,0x00000006d2c00000)
 Metaspace       used 76715K, capacity 78316K, committed 78464K, reserved 1118208K
  class space    used 9141K, capacity 9528K, committed 9600K, reserved 1048576K
}
Event: 56.867 GC heap before
{Heap before GC invocations=20 (full 4):
 PSYoungGen      total 539136K, used 444928K [0x000000076b400000, 0x000000079b000000, 0x00000007c0000000)
  eden space 444928K, 100% used [0x000000076b400000,0x0000000786680000,0x0000000786680000)
  from space 94208K, 0% used [0x0000000786680000,0x0000000786680000,0x000000078c280000)
  to   space 98304K, 0% used [0x0000000795000000,0x0000000795000000,0x000000079b000000)
 ParOldGen       total 278528K, used 96552K [0x00000006c1c00000, 0x00000006d2c00000, 0x000000076b400000)
  object space 278528K, 34% used [0x00000006c1c00000,0x00000006c7a4a3c0,0x00000006d2c00000)
 Metaspace       used 88738K, capacity 90690K, committed 91008K, reserved 1128448K
  class space    used 10667K, capacity 11090K, committed 11136K, reserved 1048576K

