# JRE version: Java(TM) SE Runtime Environment (8.0_91-b14) (build 1.8.0_91-b14)
# Java VM: Java HotSpot(TM) 64-Bit Server VM (25.91-b14 mixed mode windows-amd64 compressed oops)
Heap:
 PSYoungGen      total 786944K, used 1778K [0x000000076b400000, 0x00000007a6600000, 0x00000007c0000000)
  eden space 679936K, 0% used [0x000000076b400000,0x000000076b5bcb18,0x0000000794c00000)
  from space 107008K, 0% used [0x000000079d180000,0x000000079d180000,0x00000007a3a00000)
  to   space 136704K, 0% used [0x0000000794c00000,0x0000000794c00000,0x000000079d180000)
 ParOldGen       total 369152K, used 154821K [0x00000006c1c00000, 0x00000006d8480000, 0x000000076b400000)
  object space 369152K, 41% used [0x00000006c1c00000,0x00000006cb331608,0x00000006d8480000)
 Metaspace       used 91513K, capacity 93672K, committed 94208K, reserved 1132544K
  class space    used 10588K, capacity 11068K, committed 11264K, reserved 1048576K
GC Heap History (10 events):
Event: 1917.311 GC heap before
{Heap before GC invocations=16 (full 3):
 PSYoungGen      total 411136K, used 394770K [0x000000076b400000, 0x0000000788380000, 0x00000007c0000000)
  eden space 389632K, 100% used [0x000000076b400000,0x0000000783080000,0x0000000783080000)
  from space 21504K, 23% used [0x0000000786e80000,0x0000000787384a18,0x0000000788380000)
  to   space 42496K, 0% used [0x0000000783080000,0x0000000783080000,0x0000000785a00000)
 ParOldGen       total 192000K, used 40988K [0x00000006c1c00000, 0x00000006cd780000, 0x000000076b400000)
  object space 192000K, 21% used [0x00000006c1c00000,0x00000006c44073c8,0x00000006cd780000)
 Metaspace       used 60484K, capacity 61950K, committed 62208K, reserved 1103872K
  class space    used 6731K, capacity 7110K, committed 7168K, reserved 1048576K
Event: 1917.383 GC heap after
Heap after GC invocations=16 (full 3):
 PSYoungGen      total 432128K, used 42491K [0x000000076b400000, 0x0000000793900000, 0x00000007c0000000)
  eden space 389632K, 0% used [0x000000076b400000,0x000000076b400000,0x0000000783080000)
  from space 42496K, 99% used [0x0000000783080000,0x00000007859fef48,0x0000000785a00000)
  to   space 65536K, 0% used [0x000000078f900000,0x000000078f900000,0x0000000793900000)
 ParOldGen       total 192000K, used 86239K [0x00000006c1c00000, 0x00000006cd780000, 0x000000076b400000)
  object space 192000K, 44% used [0x00000006c1c00000,0x00000006c7037f98,0x00000006cd780000)
 Metaspace       used 60484K, capacity 61950K, committed 62208K, reserved 1103872K
  class space    used 6731K, capacity 7110K, committed 7168K, reserved 1048576K
}
Event: 1935.688 GC heap before
{Heap before GC invocations=17 (full 3):
 PSYoungGen      total 432128K, used 432123K [0x000000076b400000, 0x0000000793900000, 0x00000007c0000000)
  eden space 389632K, 100% used [0x000000076b400000,0x0000000783080000,0x0000000783080000)
  from space 42496K, 99% used [0x0000000783080000,0x00000007859fef48,0x0000000785a00000)
  to   space 65536K, 0% used [0x000000078f900000,0x000000078f900000,0x0000000793900000)
 ParOldGen       total 192000K, used 86251K [0x00000006c1c00000, 0x00000006cd780000, 0x000000076b400000)
  object space 192000K, 44% used [0x00000006c1c00000,0x00000006c703ac90,0x00000006cd780000)
 Metaspace       used 75912K, capacity 77688K, committed 78080K, reserved 1118208K
  class space    used 8681K, capacity 9109K, committed 9216K, reserved 1048576K
Event: 1935.744 GC heap after
Heap after GC invocations=17 (full 3):
 PSYoungGen      total 580608K, used 63724K [0x000000076b400000, 0x0000000793f00000, 0x00000007c0000000)
  eden space 515072K, 0% used [0x000000076b400000,0x000000076b400000,0x000000078ab00000)
  from space 65536K, 97% used [0x000000078f900000,0x000000079373b390,0x0000000793900000)
  to   space 75776K, 0% used [0x000000078ab00000,0x000000078ab00000,0x000000078f500000)
 ParOldGen       total 192000K, used 86799K [0x00000006c1c00000, 0x00000006cd780000, 0x000000076b400000)
  object space 192000K, 45% used [0x00000006c1c00000,0x00000006c70c3e18,0x00000006cd780000)
 Metaspace       used 75912K, capacity 77688K, committed 78080K, reserved 1118208K
  class space    used 8681K, capacity 9109K, committed 9216K, reserved 1048576K
}
Event: 1937.361 GC heap before
{Heap before GC invocations=18 (full 3):
 PSYoungGen      total 580608K, used 578796K [0x000000076b400000, 0x0000000793f00000, 0x00000007c0000000)
  eden space 515072K, 100% used [0x000000076b400000,0x000000078ab00000,0x000000078ab00000)
  from space 65536K, 97% used [0x000000078f900000,0x000000079373b390,0x0000000793900000)
  to   space 75776K, 0% used [0x000000078ab00000,0x000000078ab00000,0x000000078f500000)
 ParOldGen       total 192000K, used 86809K [0x00000006c1c00000, 0x00000006cd780000, 0x000000076b400000)
  object space 192000K, 45% used [0x00000006c1c00000,0x00000006c70c67f8,0x00000006cd780000)
 Metaspace       used 85021K, capacity 87052K, committed 87424K, reserved 1126400K
  class space    used 9789K, capacity 10264K, committed 10368K, reserved 1048576K
Event: 1937.475 GC heap after
Heap after GC invocations=18 (full 3):
 PSYoungGen      total 590848K, used 75769K [0x000000076b400000, 0x00000007a3a00000, 0x00000007c0000000)
  eden space 515072K, 0% used [0x000000076b400000,0x000000076b400000,0x000000078ab00000)
  from space 75776K, 99% used [0x000000078ab00000,0x000000078f4fe7e0,0x000000078f500000)
  to   space 107008K, 0% used [0x000000079d180000,0x000000079d180000,0x00000007a3a00000)
 ParOldGen       total 192000K, used 137213K [0x00000006c1c00000, 0x00000006cd780000, 0x000000076b400000)
  object space 192000K, 71% used [0x00000006c1c00000,0x00000006ca1ff780,0x00000006cd780000)
 Metaspace       used 85021K, capacity 87052K, committed 87424K, reserved 1126400K
  class space    used 9789K, capacity 10264K, committed 10368K, reserved 1048576K
}
Event: 1950.319 GC heap before
{Heap before GC invocations=19 (full 3):
 PSYoungGen      total 590848K, used 590841K [0x000000076b400000, 0x00000007a3a00000, 0x00000007c0000000)
  eden space 515072K, 100% used [0x000000076b400000,0x000000078ab00000,0x000000078ab00000)
  from space 75776K, 99% used [0x000000078ab00000,0x000000078f4fe7e0,0x000000078f500000)
  to   space 107008K, 0% used [0x000000079d180000,0x000000079d180000,0x00000007a3a00000)
 ParOldGen       total 192000K, used 137213K [0x00000006c1c00000, 0x00000006cd780000, 0x000000076b400000)
  object space 192000K, 71% used [0x00000006c1c00000,0x00000006ca1ff780,0x00000006cd780000)
 Metaspace       used 91618K, capacity 93844K, committed 94080K, reserved 1132544K
  class space    used 10594K, capacity 11116K, committed 11136K, reserved 1048576K
Event: 1950.442 GC heap after
Heap after GC invocations=19 (full 3):
 PSYoungGen      total 786944K, used 107007K [0x000000076b400000, 0x00000007a6600000, 0x00000007c0000000)
  eden space 679936K, 0% used [0x000000076b400000,0x000000076b400000,0x0000000794c00000)
  from space 107008K, 99% used [0x000000079d180000,0x00000007a39ffd68,0x00000007a3a00000)
  to   space 136704K, 0% used [0x0000000794c00000,0x0000000794c00000,0x000000079d180000)
 ParOldGen       total 192000K, used 167001K [0x00000006c1c00000, 0x00000006cd780000, 0x000000076b400000)
  object space 192000K, 86% used [0x00000006c1c00000,0x00000006cbf164b0,0x00000006cd780000)
 Metaspace       used 91618K, capacity 93844K, committed 94080K, reserved 1132544K
  class space    used 10594K, capacity 11116K, committed 11136K, reserved 1048576K
}
Event: 1950.442 GC heap before
{Heap before GC invocations=20 (full 4):
 PSYoungGen      total 786944K, used 107007K [0x000000076b400000, 0x00000007a6600000, 0x00000007c0000000)
  eden space 679936K, 0% used [0x000000076b400000,0x000000076b400000,0x0000000794c00000)
  from space 107008K, 99% used [0x000000079d180000,0x00000007a39ffd68,0x00000007a3a00000)
  to   space 136704K, 0% used [0x0000000794c00000,0x0000000794c00000,0x000000079d180000)
 ParOldGen       total 192000K, used 167001K [0x00000006c1c00000, 0x00000006cd780000, 0x000000076b400000)
  object space 192000K, 86% used [0x00000006c1c00000,0x00000006cbf164b0,0x00000006cd780000)
 Metaspace       used 91618K, capacity 93844K, committed 94080K, reserved 1132544K
  class space    used 10594K, capacity 11116K, committed 11136K, reserved 1048576K
Event: 1950.558 GC heap after
Heap after GC invocations=20 (full 4):
 PSYoungGen      total 786944K, used 0K [0x000000076b400000, 0x00000007a6600000, 0x00000007c0000000)
  eden space 679936K, 0% used [0x000000076b400000,0x000000076b400000,0x0000000794c00000)
  from space 107008K, 0% used [0x000000079d180000,0x000000079d180000,0x00000007a3a00000)
  to   space 136704K, 0% used [0x0000000794c00000,0x0000000794c00000,0x000000079d180000)
 ParOldGen       total 369152K, used 154821K [0x00000006c1c00000, 0x00000006d8480000, 0x000000076b400000)
  object space 369152K, 41% used [0x00000006c1c00000,0x00000006cb331608,0x00000006d8480000)
 Metaspace       used 91260K, capacity 93384K, committed 94080K, reserved 1132544K
  class space    used 10555K, capacity 11036K, committed 11136K, reserved 1048576K
}

