# JRE version: Java(TM) SE Runtime Environment (8.0_91-b14) (build 1.8.0_91-b14)
# Java VM: Java HotSpot(TM) 64-Bit Server VM (25.91-b14 mixed mode windows-amd64 compressed oops)
Heap:
 PSYoungGen      total 1027584K, used 635321K [0x000000076b400000, 0x00000007c0000000, 0x00000007c0000000)
  eden space 646656K, 98% used [0x000000076b400000,0x000000079206e7a0,0x0000000792b80000)
  from space 380928K, 0% used [0x00000007a8c00000,0x00000007a8c00000,0x00000007c0000000)
  to   space 360960K, 0% used [0x0000000792b80000,0x0000000792b80000,0x00000007a8c00000)
 ParOldGen       total 2777088K, used 2769946K [0x00000006c1c00000, 0x000000076b400000, 0x000000076b400000)
  object space 2777088K, 99% used [0x00000006c1c00000,0x000000076ad06bc0,0x000000076b400000)
 Metaspace       used 461413K, capacity 479968K, committed 480204K, reserved 1466368K
  class space    used 59338K, capacity 63992K, committed 64000K, reserved 1048576K
GC Heap History (10 events):
Event: 751.663 GC heap after
Heap after GC invocations=68 (full 24):
 PSYoungGen      total 1027584K, used 502925K [0x000000076b400000, 0x00000007c0000000, 0x00000007c0000000)
  eden space 646656K, 77% used [0x000000076b400000,0x0000000789f23658,0x0000000792b80000)
  from space 380928K, 0% used [0x00000007a8c00000,0x00000007a8c00000,0x00000007c0000000)
  to   space 360960K, 0% used [0x0000000792b80000,0x0000000792b80000,0x00000007a8c00000)
 ParOldGen       total 2777088K, used 2769947K [0x00000006c1c00000, 0x000000076b400000, 0x000000076b400000)
  object space 2777088K, 99% used [0x00000006c1c00000,0x000000076ad06ed8,0x000000076b400000)
 Metaspace       used 429508K, capacity 446966K, committed 447308K, reserved 1437696K
  class space    used 55144K, capacity 59446K, committed 59520K, reserved 1048576K
}
Event: 751.815 GC heap before
{Heap before GC invocations=69 (full 25):
 PSYoungGen      total 1027584K, used 646656K [0x000000076b400000, 0x00000007c0000000, 0x00000007c0000000)
  eden space 646656K, 100% used [0x000000076b400000,0x0000000792b80000,0x0000000792b80000)
  from space 380928K, 0% used [0x00000007a8c00000,0x00000007a8c00000,0x00000007c0000000)
  to   space 360960K, 0% used [0x0000000792b80000,0x0000000792b80000,0x00000007a8c00000)
 ParOldGen       total 2777088K, used 2769957K [0x00000006c1c00000, 0x000000076b400000, 0x000000076b400000)
  object space 2777088K, 99% used [0x00000006c1c00000,0x000000076ad09468,0x000000076b400000)
 Metaspace       used 429508K, capacity 446966K, committed 447308K, reserved 1437696K
  class space    used 55144K, capacity 59446K, committed 59520K, reserved 1048576K
Event: 751.991 GC heap after
Heap after GC invocations=69 (full 25):
 PSYoungGen      total 1027584K, used 502432K [0x000000076b400000, 0x00000007c0000000, 0x00000007c0000000)
  eden space 646656K, 77% used [0x000000076b400000,0x0000000789ea8240,0x0000000792b80000)
  from space 380928K, 0% used [0x00000007a8c00000,0x00000007a8c00000,0x00000007c0000000)
  to   space 360960K, 0% used [0x0000000792b80000,0x0000000792b80000,0x00000007a8c00000)
 ParOldGen       total 2777088K, used 2769946K [0x00000006c1c00000, 0x000000076b400000, 0x000000076b400000)
  object space 2777088K, 99% used [0x00000006c1c00000,0x000000076ad06bf8,0x000000076b400000)
 Metaspace       used 429508K, capacity 446966K, committed 447308K, reserved 1437696K
  class space    used 55144K, capacity 59446K, committed 59520K, reserved 1048576K
}
Event: 752.952 GC heap before
{Heap before GC invocations=70 (full 26):
 PSYoungGen      total 1027584K, used 646656K [0x000000076b400000, 0x00000007c0000000, 0x00000007c0000000)
  eden space 646656K, 100% used [0x000000076b400000,0x0000000792b80000,0x0000000792b80000)
  from space 380928K, 0% used [0x00000007a8c00000,0x00000007a8c00000,0x00000007c0000000)
  to   space 360960K, 0% used [0x0000000792b80000,0x0000000792b80000,0x00000007a8c00000)
 ParOldGen       total 2777088K, used 2769946K [0x00000006c1c00000, 0x000000076b400000, 0x000000076b400000)
  object space 2777088K, 99% used [0x00000006c1c00000,0x000000076ad06bf8,0x000000076b400000)
 Metaspace       used 434228K, capacity 451958K, committed 452044K, reserved 1441792K
  class space    used 55755K, capacity 60101K, committed 60160K, reserved 1048576K
Event: 753.279 GC heap after
Heap after GC invocations=70 (full 26):
 PSYoungGen      total 1027584K, used 485202K [0x000000076b400000, 0x00000007c0000000, 0x00000007c0000000)
  eden space 646656K, 75% used [0x000000076b400000,0x0000000788dd48a8,0x0000000792b80000)
  from space 380928K, 0% used [0x00000007a8c00000,0x00000007a8c00000,0x00000007c0000000)
  to   space 360960K, 0% used [0x0000000792b80000,0x0000000792b80000,0x00000007a8c00000)
 ParOldGen       total 2777088K, used 2769946K [0x00000006c1c00000, 0x000000076b400000, 0x000000076b400000)
  object space 2777088K, 99% used [0x00000006c1c00000,0x000000076ad06bf8,0x000000076b400000)
 Metaspace       used 434228K, capacity 451958K, committed 452044K, reserved 1441792K
  class space    used 55755K, capacity 60101K, committed 60160K, reserved 1048576K
}
Event: 754.371 GC heap before
{Heap before GC invocations=71 (full 27):
 PSYoungGen      total 1027584K, used 646656K [0x000000076b400000, 0x00000007c0000000, 0x00000007c0000000)
  eden space 646656K, 100% used [0x000000076b400000,0x0000000792b80000,0x0000000792b80000)
  from space 380928K, 0% used [0x00000007a8c00000,0x00000007a8c00000,0x00000007c0000000)
  to   space 360960K, 0% used [0x0000000792b80000,0x0000000792b80000,0x00000007a8c00000)
 ParOldGen       total 2777088K, used 2769946K [0x00000006c1c00000, 0x000000076b400000, 0x000000076b400000)
  object space 2777088K, 99% used [0x00000006c1c00000,0x000000076ad06bf8,0x000000076b400000)
 Metaspace       used 441806K, capacity 459532K, committed 459852K, reserved 1447936K
  class space    used 56621K, capacity 60976K, committed 61056K, reserved 1048576K
Event: 754.632 GC heap after
Heap after GC invocations=71 (full 27):
 PSYoungGen      total 1027584K, used 488852K [0x000000076b400000, 0x00000007c0000000, 0x00000007c0000000)
  eden space 646656K, 75% used [0x000000076b400000,0x0000000789165280,0x0000000792b80000)
  from space 380928K, 0% used [0x00000007a8c00000,0x00000007a8c00000,0x00000007c0000000)
  to   space 360960K, 0% used [0x0000000792b80000,0x0000000792b80000,0x00000007a8c00000)
 ParOldGen       total 2777088K, used 2769946K [0x00000006c1c00000, 0x000000076b400000, 0x000000076b400000)
  object space 2777088K, 99% used [0x00000006c1c00000,0x000000076ad06bc0,0x000000076b400000)
 Metaspace       used 441806K, capacity 459532K, committed 459852K, reserved 1447936K
  class space    used 56621K, capacity 60976K, committed 61056K, reserved 1048576K
}
Event: 756.265 GC heap before
{Heap before GC invocations=72 (full 28):
 PSYoungGen      total 1027584K, used 646656K [0x000000076b400000, 0x00000007c0000000, 0x00000007c0000000)
  eden space 646656K, 100% used [0x000000076b400000,0x0000000792b80000,0x0000000792b80000)
  from space 380928K, 0% used [0x00000007a8c00000,0x00000007a8c00000,0x00000007c0000000)
  to   space 360960K, 0% used [0x0000000792b80000,0x0000000792b80000,0x00000007a8c00000)
 ParOldGen       total 2777088K, used 2769946K [0x00000006c1c00000, 0x000000076b400000, 0x000000076b400000)
  object space 2777088K, 99% used [0x00000006c1c00000,0x000000076ad06bc0,0x000000076b400000)
 Metaspace       used 453485K, capacity 471678K, committed 472012K, reserved 1458176K
  class space    used 58148K, capacity 62657K, committed 62720K, reserved 1048576K
Event: 756.483 GC heap after
Heap after GC invocations=72 (full 28):
 PSYoungGen      total 1027584K, used 495272K [0x000000076b400000, 0x00000007c0000000, 0x00000007c0000000)
  eden space 646656K, 76% used [0x000000076b400000,0x00000007897aa210,0x0000000792b80000)
  from space 380928K, 0% used [0x00000007a8c00000,0x00000007a8c00000,0x00000007c0000000)
  to   space 360960K, 0% used [0x0000000792b80000,0x0000000792b80000,0x00000007a8c00000)
 ParOldGen       total 2777088K, used 2769946K [0x00000006c1c00000, 0x000000076b400000, 0x000000076b400000)
  object space 2777088K, 99% used [0x00000006c1c00000,0x000000076ad06bc0,0x000000076b400000)
 Metaspace       used 453485K, capacity 471678K, committed 472012K, reserved 1458176K
  class space    used 58148K, capacity 62657K, committed 62720K, reserved 1048576K
}
Event: 758.744 GC heap before
{Heap before GC invocations=73 (full 29):
 PSYoungGen      total 1027584K, used 635321K [0x000000076b400000, 0x00000007c0000000, 0x00000007c0000000)
  eden space 646656K, 98% used [0x000000076b400000,0x000000079206e7a0,0x0000000792b80000)
  from space 380928K, 0% used [0x00000007a8c00000,0x00000007a8c00000,0x00000007c0000000)
  to   space 360960K, 0% used [0x0000000792b80000,0x0000000792b80000,0x00000007a8c00000)
 ParOldGen       total 2777088K, used 2769946K [0x00000006c1c00000, 0x000000076b400000, 0x000000076b400000)
  object space 2777088K, 99% used [0x00000006c1c00000,0x000000076ad06bc0,0x000000076b400000)
 Metaspace       used 461413K, capacity 479968K, committed 480204K, reserved 1466368K
  class space    used 59338K, capacity 63992K, committed 64000K, reserved 1048576K

